<?xml version="1.0" encoding="UTF-8"?>
<!-- Generated by org.testng.reporters.JUnitReportReporter -->
<testsuite hostname="LAPTOP-0M17UIVA" failures="0" tests="4" name="testng.parameterization.DataProviderWithExcel" time="42.135" errors="0" timestamp="2024-08-30T08:45:10 IST" skipped="0">
  <testcase classname="testng.parameterization.DataProviderWithExcel" name="verifyDataProviderWithExcel" time="7.278"/>
  <testcase classname="testng.parameterization.DataProviderWithExcel" name="verifyDataProviderWithExcel" time="8.895"/>
  <testcase classname="testng.parameterization.DataProviderWithExcel" name="verifyDataProviderWithExcel" time="17.189"/>
  <testcase classname="testng.parameterization.DataProviderWithExcel" name="verifyDataProviderWithExcel" time="8.773"/>
</testsuite> <!-- testng.parameterization.DataProviderWithExcel -->
