<?xml version="1.0" encoding="UTF-8"?>
<!-- Generated by org.testng.reporters.JUnitReportReporter -->
<testsuite hostname="LAPTOP-0M17UIVA" failures="0" tests="2" name="testng.parameterization.ParameterExample" time="22.794" errors="0" timestamp="2024-08-30T08:45:10 IST" skipped="1">
  <testcase classname="testng.parameterization.ParameterExample" name="verifyParameterizationCases" time="22.794"/>
  <testcase classname="testng.parameterization.ParameterExample" name="verifyParameterizationCases_2">
    <skipped/>
  </testcase> <!-- verifyParameterizationCases_2 -->
</testsuite> <!-- testng.parameterization.ParameterExample -->
